{"C:\\GitHub\\archaeological-disco\\src\\components\\DiscoveryManager.tsx": {"path":"C:\\GitHub\\archaeological-disco\\src\\components\\DiscoveryManager.tsx","statementMap":{"0":{"start":{"line":19,"column":2},"end":{"line":93,"column":null}},"1":{"start":{"line":38,"column":16},"end":{"line":87,"column":null}},"2":{"start":{"line":41,"column":37},"end":{"line":41,"column":null}},"3":{"start":{"line":53,"column":26},"end":{"line":55,"column":null}},"4":{"start":{"line":81,"column":37},"end":{"line":81,"column":null}}},"fnMap":{"0":{"name":"DiscoveryManager","decl":{"start":{"line":18,"column":16},"end":{"line":18,"column":33}},"loc":{"start":{"line":18,"column":113},"end":{"line":95,"column":null}},"line":18},"1":{"name":"(anonymous_1)","decl":{"start":{"line":37,"column":31},"end":{"line":37,"column":32}},"loc":{"start":{"line":38,"column":16},"end":{"line":87,"column":null}},"line":38},"2":{"name":"(anonymous_2)","decl":{"start":{"line":41,"column":31},"end":{"line":41,"column":37}},"loc":{"start":{"line":41,"column":37},"end":{"line":41,"column":null}},"line":41},"3":{"name":"(anonymous_3)","decl":{"start":{"line":52,"column":44},"end":{"line":52,"column":45}},"loc":{"start":{"line":53,"column":26},"end":{"line":55,"column":null}},"line":53},"4":{"name":"(anonymous_4)","decl":{"start":{"line":81,"column":31},"end":{"line":81,"column":37}},"loc":{"start":{"line":81,"column":37},"end":{"line":81,"column":null}},"line":81}},"branchMap":{"0":{"loc":{"start":{"line":27,"column":11},"end":{"line":89,"column":null}},"type":"cond-expr","locations":[{"start":{"line":28,"column":12},"end":{"line":34,"column":null}},{"start":{"line":36,"column":12},"end":{"line":89,"column":null}}],"line":27},"1":{"loc":{"start":{"line":46,"column":25},"end":{"line":47,"column":null}},"type":"binary-expr","locations":[{"start":{"line":46,"column":25},"end":{"line":46,"column":null}},{"start":{"line":47,"column":26},"end":{"line":47,"column":null}}],"line":46}},"s":{"0":17,"1":17,"2":1,"3":47,"4":1},"f":{"0":17,"1":17,"2":1,"3":47,"4":1},"b":{"0":[1,16],"1":[17,16]},"meta":{"lastBranch":2,"lastFunction":5,"lastStatement":5,"seen":{"f:18:16:18:33":0,"s:19:2:93:Infinity":0,"b:28:12:34:Infinity:36:12:89:Infinity":0,"f:37:31:37:32":1,"s:38:16:87:Infinity":1,"f:41:31:41:37":2,"s:41:37:41:Infinity":2,"b:46:25:46:Infinity:47:26:47:Infinity":1,"f:52:44:52:45":3,"s:53:26:55:Infinity":3,"f:81:31:81:37":4,"s:81:37:81:Infinity":4}}}
,"C:\\GitHub\\archaeological-disco\\src\\components\\SaveDiscoveryDialog.tsx": {"path":"C:\\GitHub\\archaeological-disco\\src\\components\\SaveDiscoveryDialog.tsx","statementMap":{"0":{"start":{"line":17,"column":22},"end":{"line":17,"column":null}},"1":{"start":{"line":20,"column":24},"end":{"line":20,"column":null}},"2":{"start":{"line":21,"column":24},"end":{"line":21,"column":null}},"3":{"start":{"line":22,"column":22},"end":{"line":22,"column":null}},"4":{"start":{"line":23,"column":32},"end":{"line":23,"column":null}},"5":{"start":{"line":25,"column":21},"end":{"line":32,"column":null}},"6":{"start":{"line":26,"column":4},"end":{"line":26,"column":null}},"7":{"start":{"line":26,"column":23},"end":{"line":26,"column":null}},"8":{"start":{"line":27,"column":4},"end":{"line":27,"column":null}},"9":{"start":{"line":28,"column":4},"end":{"line":28,"column":null}},"10":{"start":{"line":29,"column":4},"end":{"line":29,"column":null}},"11":{"start":{"line":30,"column":4},"end":{"line":30,"column":null}},"12":{"start":{"line":31,"column":4},"end":{"line":31,"column":null}},"13":{"start":{"line":34,"column":20},"end":{"line":38,"column":null}},"14":{"start":{"line":35,"column":4},"end":{"line":37,"column":null}},"15":{"start":{"line":36,"column":6},"end":{"line":36,"column":null}},"16":{"start":{"line":36,"column":46},"end":{"line":36,"column":55}},"17":{"start":{"line":40,"column":23},"end":{"line":45,"column":null}},"18":{"start":{"line":41,"column":4},"end":{"line":44,"column":null}},"19":{"start":{"line":42,"column":6},"end":{"line":42,"column":null}},"20":{"start":{"line":42,"column":24},"end":{"line":42,"column":51}},"21":{"start":{"line":43,"column":6},"end":{"line":43,"column":null}},"22":{"start":{"line":47,"column":20},"end":{"line":49,"column":null}},"23":{"start":{"line":48,"column":4},"end":{"line":48,"column":null}},"24":{"start":{"line":48,"column":22},"end":{"line":48,"column":51}},"25":{"start":{"line":48,"column":41},"end":{"line":48,"column":50}},"26":{"start":{"line":51,"column":2},"end":{"line":144,"column":null}},"27":{"start":{"line":65,"column":31},"end":{"line":65,"column":null}},"28":{"start":{"line":75,"column":31},"end":{"line":75,"column":null}},"29":{"start":{"line":84,"column":16},"end":{"line":91,"column":null}},"30":{"start":{"line":88,"column":33},"end":{"line":88,"column":null}},"31":{"start":{"line":94,"column":32},"end":{"line":94,"column":58}},"32":{"start":{"line":97,"column":33},"end":{"line":97,"column":59}},"33":{"start":{"line":99,"column":20},"end":{"line":113,"column":null}},"34":{"start":{"line":106,"column":39},"end":{"line":106,"column":null}},"35":{"start":{"line":121,"column":33},"end":{"line":121,"column":null}},"36":{"start":{"line":122,"column":34},"end":{"line":122,"column":null}},"37":{"start":{"line":136,"column":51},"end":{"line":136,"column":72}}},"fnMap":{"0":{"name":"SaveDiscoveryDialog","decl":{"start":{"line":19,"column":16},"end":{"line":19,"column":36}},"loc":{"start":{"line":19,"column":100},"end":{"line":146,"column":null}},"line":19},"1":{"name":"(anonymous_1)","decl":{"start":{"line":25,"column":21},"end":{"line":25,"column":27}},"loc":{"start":{"line":25,"column":27},"end":{"line":32,"column":null}},"line":25},"2":{"name":"(anonymous_2)","decl":{"start":{"line":34,"column":20},"end":{"line":34,"column":21}},"loc":{"start":{"line":34,"column":37},"end":{"line":38,"column":null}},"line":34},"3":{"name":"(anonymous_3)","decl":{"start":{"line":35,"column":12},"end":{"line":35,"column":13}},"loc":{"start":{"line":36,"column":6},"end":{"line":36,"column":null}},"line":36},"4":{"name":"(anonymous_4)","decl":{"start":{"line":36,"column":39},"end":{"line":36,"column":40}},"loc":{"start":{"line":36,"column":46},"end":{"line":36,"column":55}},"line":36},"5":{"name":"(anonymous_5)","decl":{"start":{"line":40,"column":23},"end":{"line":40,"column":29}},"loc":{"start":{"line":40,"column":29},"end":{"line":45,"column":null}},"line":40},"6":{"name":"(anonymous_6)","decl":{"start":{"line":42,"column":14},"end":{"line":42,"column":15}},"loc":{"start":{"line":42,"column":24},"end":{"line":42,"column":51}},"line":42},"7":{"name":"(anonymous_7)","decl":{"start":{"line":47,"column":20},"end":{"line":47,"column":21}},"loc":{"start":{"line":47,"column":37},"end":{"line":49,"column":null}},"line":47},"8":{"name":"(anonymous_8)","decl":{"start":{"line":48,"column":12},"end":{"line":48,"column":13}},"loc":{"start":{"line":48,"column":22},"end":{"line":48,"column":51}},"line":48},"9":{"name":"(anonymous_9)","decl":{"start":{"line":48,"column":34},"end":{"line":48,"column":35}},"loc":{"start":{"line":48,"column":41},"end":{"line":48,"column":50}},"line":48},"10":{"name":"(anonymous_10)","decl":{"start":{"line":65,"column":24},"end":{"line":65,"column":25}},"loc":{"start":{"line":65,"column":31},"end":{"line":65,"column":null}},"line":65},"11":{"name":"(anonymous_11)","decl":{"start":{"line":75,"column":24},"end":{"line":75,"column":25}},"loc":{"start":{"line":75,"column":31},"end":{"line":75,"column":null}},"line":75},"12":{"name":"(anonymous_12)","decl":{"start":{"line":83,"column":33},"end":{"line":83,"column":34}},"loc":{"start":{"line":84,"column":16},"end":{"line":91,"column":null}},"line":84},"13":{"name":"(anonymous_13)","decl":{"start":{"line":88,"column":27},"end":{"line":88,"column":33}},"loc":{"start":{"line":88,"column":33},"end":{"line":88,"column":null}},"line":88},"14":{"name":"(anonymous_14)","decl":{"start":{"line":94,"column":25},"end":{"line":94,"column":26}},"loc":{"start":{"line":94,"column":32},"end":{"line":94,"column":58}},"line":94},"15":{"name":"(anonymous_15)","decl":{"start":{"line":97,"column":26},"end":{"line":97,"column":27}},"loc":{"start":{"line":97,"column":33},"end":{"line":97,"column":59}},"line":97},"16":{"name":"(anonymous_16)","decl":{"start":{"line":98,"column":23},"end":{"line":98,"column":24}},"loc":{"start":{"line":99,"column":20},"end":{"line":113,"column":null}},"line":99},"17":{"name":"(anonymous_17)","decl":{"start":{"line":106,"column":33},"end":{"line":106,"column":39}},"loc":{"start":{"line":106,"column":39},"end":{"line":106,"column":null}},"line":106},"18":{"name":"(anonymous_18)","decl":{"start":{"line":121,"column":26},"end":{"line":121,"column":27}},"loc":{"start":{"line":121,"column":33},"end":{"line":121,"column":null}},"line":121},"19":{"name":"(anonymous_19)","decl":{"start":{"line":122,"column":27},"end":{"line":122,"column":28}},"loc":{"start":{"line":122,"column":34},"end":{"line":122,"column":null}},"line":122},"20":{"name":"(anonymous_20)","decl":{"start":{"line":136,"column":45},"end":{"line":136,"column":51}},"loc":{"start":{"line":136,"column":51},"end":{"line":136,"column":72}},"line":136}},"branchMap":{"0":{"loc":{"start":{"line":26,"column":4},"end":{"line":26,"column":null}},"type":"if","locations":[{"start":{"line":26,"column":4},"end":{"line":26,"column":null}},{"start":{},"end":{}}],"line":26},"1":{"loc":{"start":{"line":36,"column":6},"end":{"line":36,"column":null}},"type":"cond-expr","locations":[{"start":{"line":36,"column":27},"end":{"line":36,"column":59}},{"start":{"line":36,"column":59},"end":{"line":36,"column":null}}],"line":36},"2":{"loc":{"start":{"line":41,"column":4},"end":{"line":44,"column":null}},"type":"if","locations":[{"start":{"line":41,"column":4},"end":{"line":44,"column":null}},{"start":{},"end":{}}],"line":41},"3":{"loc":{"start":{"line":41,"column":8},"end":{"line":41,"column":62}},"type":"binary-expr","locations":[{"start":{"line":41,"column":8},"end":{"line":41,"column":28}},{"start":{"line":41,"column":28},"end":{"line":41,"column":62}}],"line":41},"4":{"loc":{"start":{"line":86,"column":27},"end":{"line":86,"column":null}},"type":"cond-expr","locations":[{"start":{"line":86,"column":48},"end":{"line":86,"column":60}},{"start":{"line":86,"column":60},"end":{"line":86,"column":null}}],"line":86},"5":{"loc":{"start":{"line":94,"column":13},"end":{"line":115,"column":null}},"type":"binary-expr","locations":[{"start":{"line":94,"column":13},"end":{"line":94,"column":null}},{"start":{"line":95,"column":14},"end":{"line":115,"column":null}}],"line":94},"6":{"loc":{"start":{"line":122,"column":34},"end":{"line":122,"column":null}},"type":"binary-expr","locations":[{"start":{"line":122,"column":34},"end":{"line":122,"column":55}},{"start":{"line":122,"column":55},"end":{"line":122,"column":null}}],"line":122}},"s":{"0":1,"1":42,"2":42,"3":42,"4":42,"5":42,"6":2,"7":0,"8":2,"9":2,"10":2,"11":2,"12":2,"13":42,"14":3,"15":3,"16":0,"17":42,"18":6,"19":5,"20":5,"21":5,"22":42,"23":1,"24":1,"25":1,"26":42,"27":4,"28":3,"29":252,"30":3,"31":9,"32":6,"33":6,"34":1,"35":7,"36":7,"37":1},"f":{"0":42,"1":2,"2":3,"3":3,"4":0,"5":6,"6":5,"7":1,"8":1,"9":1,"10":4,"11":3,"12":252,"13":3,"14":9,"15":6,"16":6,"17":1,"18":7,"19":7,"20":1},"b":{"0":[0,2],"1":[0,3],"2":[5,1],"3":[6,6],"4":[3,249],"5":[42,6],"6":[7,6]},"meta":{"lastBranch":7,"lastFunction":21,"lastStatement":38,"seen":{"s:17:22:17:Infinity":0,"f:19:16:19:36":0,"s:20:24:20:Infinity":1,"s:21:24:21:Infinity":2,"s:22:22:22:Infinity":3,"s:23:32:23:Infinity":4,"s:25:21:32:Infinity":5,"f:25:21:25:27":1,"b:26:4:26:Infinity:undefined:undefined:undefined:undefined":0,"s:26:4:26:Infinity":6,"s:26:23:26:Infinity":7,"s:27:4:27:Infinity":8,"s:28:4:28:Infinity":9,"s:29:4:29:Infinity":10,"s:30:4:30:Infinity":11,"s:31:4:31:Infinity":12,"s:34:20:38:Infinity":13,"f:34:20:34:21":2,"s:35:4:37:Infinity":14,"f:35:12:35:13":3,"s:36:6:36:Infinity":15,"b:36:27:36:59:36:59:36:Infinity":1,"f:36:39:36:40":4,"s:36:46:36:55":16,"s:40:23:45:Infinity":17,"f:40:23:40:29":5,"b:41:4:44:Infinity:undefined:undefined:undefined:undefined":2,"s:41:4:44:Infinity":18,"b:41:8:41:28:41:28:41:62":3,"s:42:6:42:Infinity":19,"f:42:14:42:15":6,"s:42:24:42:51":20,"s:43:6:43:Infinity":21,"s:47:20:49:Infinity":22,"f:47:20:47:21":7,"s:48:4:48:Infinity":23,"f:48:12:48:13":8,"s:48:22:48:51":24,"f:48:34:48:35":9,"s:48:41:48:50":25,"s:51:2:144:Infinity":26,"f:65:24:65:25":10,"s:65:31:65:Infinity":27,"f:75:24:75:25":11,"s:75:31:75:Infinity":28,"f:83:33:83:34":12,"s:84:16:91:Infinity":29,"b:86:48:86:60:86:60:86:Infinity":4,"f:88:27:88:33":13,"s:88:33:88:Infinity":30,"b:94:13:94:Infinity:95:14:115:Infinity":5,"f:94:25:94:26":14,"s:94:32:94:58":31,"f:97:26:97:27":15,"s:97:33:97:59":32,"f:98:23:98:24":16,"s:99:20:113:Infinity":33,"f:106:33:106:39":17,"s:106:39:106:Infinity":34,"f:121:26:121:27":18,"s:121:33:121:Infinity":35,"f:122:27:122:28":19,"s:122:34:122:Infinity":36,"b:122:34:122:55:122:55:122:Infinity":6,"f:136:45:136:51":20,"s:136:51:136:72":37}}}
,"C:\\GitHub\\archaeological-disco\\src\\hooks\\use-local-storage.ts": {"path":"C:\\GitHub\\archaeological-disco\\src\\hooks\\use-local-storage.ts","statementMap":{"0":{"start":{"line":11,"column":24},"end":{"line":22,"column":null}},"1":{"start":{"line":12,"column":4},"end":{"line":21,"column":null}},"2":{"start":{"line":13,"column":19},"end":{"line":13,"column":null}},"3":{"start":{"line":14,"column":6},"end":{"line":16,"column":null}},"4":{"start":{"line":15,"column":8},"end":{"line":15,"column":null}},"5":{"start":{"line":17,"column":6},"end":{"line":17,"column":null}},"6":{"start":{"line":19,"column":6},"end":{"line":19,"column":null}},"7":{"start":{"line":20,"column":6},"end":{"line":20,"column":null}},"8":{"start":{"line":25,"column":8},"end":{"line":48,"column":null}},"9":{"start":{"line":26,"column":4},"end":{"line":47,"column":null}},"10":{"start":{"line":27,"column":6},"end":{"line":44,"column":null}},"11":{"start":{"line":28,"column":29},"end":{"line":30,"column":null}},"12":{"start":{"line":32,"column":8},"end":{"line":41,"column":null}},"13":{"start":{"line":33,"column":10},"end":{"line":37,"column":null}},"14":{"start":{"line":34,"column":12},"end":{"line":34,"column":null}},"15":{"start":{"line":36,"column":12},"end":{"line":36,"column":null}},"16":{"start":{"line":39,"column":10},"end":{"line":39,"column":null}},"17":{"start":{"line":43,"column":8},"end":{"line":43,"column":null}},"18":{"start":{"line":46,"column":6},"end":{"line":46,"column":null}},"19":{"start":{"line":51,"column":2},"end":{"line":69,"column":null}},"20":{"start":{"line":52,"column":32},"end":{"line":65,"column":null}},"21":{"start":{"line":53,"column":6},"end":{"line":64,"column":null}},"22":{"start":{"line":54,"column":8},"end":{"line":63,"column":null}},"23":{"start":{"line":56,"column":10},"end":{"line":56,"column":null}},"24":{"start":{"line":58,"column":10},"end":{"line":62,"column":null}},"25":{"start":{"line":59,"column":12},"end":{"line":59,"column":null}},"26":{"start":{"line":61,"column":12},"end":{"line":61,"column":null}},"27":{"start":{"line":67,"column":4},"end":{"line":67,"column":null}},"28":{"start":{"line":68,"column":4},"end":{"line":68,"column":null}},"29":{"start":{"line":68,"column":17},"end":{"line":68,"column":null}},"30":{"start":{"line":71,"column":2},"end":{"line":71,"column":null}}},"fnMap":{"0":{"name":"useLocalStorage","decl":{"start":{"line":9,"column":16},"end":{"line":9,"column":35}},"loc":{"start":{"line":9,"column":111},"end":{"line":72,"column":null}},"line":9},"1":{"name":"(anonymous_1)","decl":{"start":{"line":11,"column":40},"end":{"line":11,"column":46}},"loc":{"start":{"line":11,"column":46},"end":{"line":22,"column":3}},"line":11},"2":{"name":"(anonymous_2)","decl":{"start":{"line":25,"column":37},"end":{"line":25,"column":38}},"loc":{"start":{"line":25,"column":76},"end":{"line":48,"column":5}},"line":25},"3":{"name":"(anonymous_3)","decl":{"start":{"line":27,"column":15},"end":{"line":27,"column":16}},"loc":{"start":{"line":27,"column":33},"end":{"line":44,"column":7}},"line":27},"4":{"name":"(anonymous_4)","decl":{"start":{"line":51,"column":12},"end":{"line":51,"column":18}},"loc":{"start":{"line":51,"column":18},"end":{"line":69,"column":5}},"line":51},"5":{"name":"(anonymous_5)","decl":{"start":{"line":52,"column":32},"end":{"line":52,"column":33}},"loc":{"start":{"line":52,"column":53},"end":{"line":65,"column":null}},"line":52},"6":{"name":"(anonymous_6)","decl":{"start":{"line":68,"column":11},"end":{"line":68,"column":17}},"loc":{"start":{"line":68,"column":17},"end":{"line":68,"column":null}},"line":68}},"branchMap":{"0":{"loc":{"start":{"line":14,"column":6},"end":{"line":16,"column":null}},"type":"if","locations":[{"start":{"line":14,"column":6},"end":{"line":16,"column":null}},{"start":{},"end":{}}],"line":14},"1":{"loc":{"start":{"line":28,"column":29},"end":{"line":30,"column":null}},"type":"cond-expr","locations":[{"start":{"line":29,"column":13},"end":{"line":29,"column":null}},{"start":{"line":30,"column":12},"end":{"line":30,"column":null}}],"line":28},"2":{"loc":{"start":{"line":33,"column":10},"end":{"line":37,"column":null}},"type":"if","locations":[{"start":{"line":33,"column":10},"end":{"line":37,"column":null}},{"start":{"line":35,"column":17},"end":{"line":37,"column":null}}],"line":33},"3":{"loc":{"start":{"line":53,"column":6},"end":{"line":64,"column":null}},"type":"if","locations":[{"start":{"line":53,"column":6},"end":{"line":64,"column":null}},{"start":{},"end":{}}],"line":53},"4":{"loc":{"start":{"line":54,"column":8},"end":{"line":63,"column":null}},"type":"if","locations":[{"start":{"line":54,"column":8},"end":{"line":63,"column":null}},{"start":{"line":57,"column":15},"end":{"line":63,"column":null}}],"line":54}},"s":{"0":21,"1":13,"2":13,"3":13,"4":9,"5":4,"6":1,"7":1,"8":21,"9":6,"10":6,"11":6,"12":6,"13":6,"14":0,"15":6,"16":1,"17":6,"18":0,"19":21,"20":13,"21":3,"22":2,"23":1,"24":1,"25":1,"26":0,"27":13,"28":13,"29":13,"30":21},"f":{"0":21,"1":13,"2":6,"3":6,"4":13,"5":3,"6":13},"b":{"0":[9,4],"1":[1,5],"2":[0,6],"3":[2,1],"4":[1,1]},"meta":{"lastBranch":5,"lastFunction":7,"lastStatement":31,"seen":{"f:9:16:9:35":0,"s:11:24:22:Infinity":0,"f:11:40:11:46":1,"s:12:4:21:Infinity":1,"s:13:19:13:Infinity":2,"b:14:6:16:Infinity:undefined:undefined:undefined:undefined":0,"s:14:6:16:Infinity":3,"s:15:8:15:Infinity":4,"s:17:6:17:Infinity":5,"s:19:6:19:Infinity":6,"s:20:6:20:Infinity":7,"s:25:8:48:Infinity":8,"f:25:37:25:38":2,"s:26:4:47:Infinity":9,"s:27:6:44:Infinity":10,"f:27:15:27:16":3,"s:28:29:30:Infinity":11,"b:29:13:29:Infinity:30:12:30:Infinity":1,"s:32:8:41:Infinity":12,"b:33:10:37:Infinity:35:17:37:Infinity":2,"s:33:10:37:Infinity":13,"s:34:12:34:Infinity":14,"s:36:12:36:Infinity":15,"s:39:10:39:Infinity":16,"s:43:8:43:Infinity":17,"s:46:6:46:Infinity":18,"s:51:2:69:Infinity":19,"f:51:12:51:18":4,"s:52:32:65:Infinity":20,"f:52:32:52:33":5,"b:53:6:64:Infinity:undefined:undefined:undefined:undefined":3,"s:53:6:64:Infinity":21,"b:54:8:63:Infinity:57:15:63:Infinity":4,"s:54:8:63:Infinity":22,"s:56:10:56:Infinity":23,"s:58:10:62:Infinity":24,"s:59:12:59:Infinity":25,"s:61:12:61:Infinity":26,"s:67:4:67:Infinity":27,"s:68:4:68:Infinity":28,"f:68:11:68:17":6,"s:68:17:68:Infinity":29,"s:71:2:71:Infinity":30}}}
,"C:\\GitHub\\archaeological-disco\\src\\lib\\collection-utils.ts": {"path":"C:\\GitHub\\archaeological-disco\\src\\lib\\collection-utils.ts","statementMap":{"0":{"start":{"line":3,"column":27},"end":{"line":3,"column":null}},"1":{"start":{"line":11,"column":14},"end":{"line":11,"column":null}},"2":{"start":{"line":13,"column":2},"end":{"line":22,"column":null}},"3":{"start":{"line":26,"column":15},"end":{"line":26,"column":null}},"4":{"start":{"line":27,"column":15},"end":{"line":27,"column":null}},"5":{"start":{"line":28,"column":14},"end":{"line":28,"column":null}},"6":{"start":{"line":30,"column":15},"end":{"line":30,"column":null}},"7":{"start":{"line":31,"column":2},"end":{"line":31,"column":null}},"8":{"start":{"line":32,"column":2},"end":{"line":32,"column":null}},"9":{"start":{"line":33,"column":2},"end":{"line":33,"column":null}},"10":{"start":{"line":34,"column":2},"end":{"line":34,"column":null}},"11":{"start":{"line":35,"column":2},"end":{"line":35,"column":null}},"12":{"start":{"line":36,"column":2},"end":{"line":36,"column":null}},"13":{"start":{"line":40,"column":2},"end":{"line":61,"column":null}},"14":{"start":{"line":41,"column":19},"end":{"line":41,"column":null}},"15":{"start":{"line":43,"column":4},"end":{"line":57,"column":null}},"16":{"start":{"line":44,"column":6},"end":{"line":56,"column":null}},"17":{"start":{"line":45,"column":21},"end":{"line":45,"column":null}},"18":{"start":{"line":46,"column":27},"end":{"line":46,"column":null}},"19":{"start":{"line":48,"column":8},"end":{"line":51,"column":null}},"20":{"start":{"line":49,"column":10},"end":{"line":49,"column":null}},"21":{"start":{"line":50,"column":10},"end":{"line":50,"column":null}},"22":{"start":{"line":53,"column":8},"end":{"line":53,"column":null}},"23":{"start":{"line":55,"column":8},"end":{"line":55,"column":null}},"24":{"start":{"line":59,"column":4},"end":{"line":59,"column":null}},"25":{"start":{"line":59,"column":27},"end":{"line":59,"column":null}},"26":{"start":{"line":60,"column":4},"end":{"line":60,"column":null}},"27":{"start":{"line":65,"column":2},"end":{"line":74,"column":null}},"28":{"start":{"line":96,"column":60},"end":{"line":96,"column":null}},"29":{"start":{"line":98,"column":16},"end":{"line":103,"column":null}},"30":{"start":{"line":105,"column":21},"end":{"line":105,"column":null}},"31":{"start":{"line":106,"column":18},"end":{"line":106,"column":null}},"32":{"start":{"line":108,"column":2},"end":{"line":124,"column":null}},"33":{"start":{"line":109,"column":22},"end":{"line":109,"column":null}},"34":{"start":{"line":109,"column":48},"end":{"line":109,"column":68}},"35":{"start":{"line":111,"column":4},"end":{"line":114,"column":null}},"36":{"start":{"line":112,"column":6},"end":{"line":112,"column":null}},"37":{"start":{"line":113,"column":6},"end":{"line":113,"column":null}},"38":{"start":{"line":116,"column":22},"end":{"line":120,"column":null}},"39":{"start":{"line":122,"column":4},"end":{"line":122,"column":null}},"40":{"start":{"line":123,"column":4},"end":{"line":123,"column":null}},"41":{"start":{"line":126,"column":2},"end":{"line":142,"column":null}},"42":{"start":{"line":127,"column":22},"end":{"line":127,"column":null}},"43":{"start":{"line":127,"column":45},"end":{"line":127,"column":72}},"44":{"start":{"line":129,"column":4},"end":{"line":132,"column":null}},"45":{"start":{"line":130,"column":6},"end":{"line":130,"column":null}},"46":{"start":{"line":131,"column":6},"end":{"line":131,"column":null}},"47":{"start":{"line":134,"column":19},"end":{"line":138,"column":null}},"48":{"start":{"line":140,"column":4},"end":{"line":140,"column":null}},"49":{"start":{"line":141,"column":4},"end":{"line":141,"column":null}},"50":{"start":{"line":144,"column":2},"end":{"line":148,"column":null}},"51":{"start":{"line":152,"column":2},"end":{"line":156,"column":null}}},"fnMap":{"0":{"name":"exportCollection","decl":{"start":{"line":5,"column":16},"end":{"line":5,"column":null}},"loc":{"start":{"line":10,"column":17},"end":{"line":23,"column":null}},"line":10},"1":{"name":"downloadCollectionAsJSON","decl":{"start":{"line":25,"column":16},"end":{"line":25,"column":41}},"loc":{"start":{"line":25,"column":74},"end":{"line":37,"column":null}},"line":25},"2":{"name":"importCollectionFromFile","decl":{"start":{"line":39,"column":22},"end":{"line":39,"column":47}},"loc":{"start":{"line":39,"column":83},"end":{"line":62,"column":null}},"line":39},"3":{"name":"(anonymous_3)","decl":{"start":{"line":40,"column":21},"end":{"line":40,"column":22}},"loc":{"start":{"line":40,"column":42},"end":{"line":61,"column":3}},"line":40},"4":{"name":"(anonymous_4)","decl":{"start":{"line":43,"column":20},"end":{"line":43,"column":21}},"loc":{"start":{"line":43,"column":27},"end":{"line":57,"column":null}},"line":43},"5":{"name":"(anonymous_5)","decl":{"start":{"line":59,"column":21},"end":{"line":59,"column":27}},"loc":{"start":{"line":59,"column":27},"end":{"line":59,"column":null}},"line":59},"6":{"name":"validateCollection","decl":{"start":{"line":64,"column":16},"end":{"line":64,"column":35}},"loc":{"start":{"line":64,"column":69},"end":{"line":76,"column":null}},"line":64},"7":{"name":"mergeCollections","decl":{"start":{"line":78,"column":16},"end":{"line":78,"column":null}},"loc":{"start":{"line":95,"column":2},"end":{"line":149,"column":null}},"line":95},"8":{"name":"(anonymous_8)","decl":{"start":{"line":109,"column":43},"end":{"line":109,"column":48}},"loc":{"start":{"line":109,"column":48},"end":{"line":109,"column":68}},"line":109},"9":{"name":"(anonymous_9)","decl":{"start":{"line":127,"column":40},"end":{"line":127,"column":45}},"loc":{"start":{"line":127,"column":45},"end":{"line":127,"column":72}},"line":127},"10":{"name":"sanitizeFilename","decl":{"start":{"line":151,"column":9},"end":{"line":151,"column":26}},"loc":{"start":{"line":151,"column":52},"end":{"line":157,"column":null}},"line":151}},"branchMap":{"0":{"loc":{"start":{"line":48,"column":8},"end":{"line":51,"column":null}},"type":"if","locations":[{"start":{"line":48,"column":8},"end":{"line":51,"column":null}},{"start":{},"end":{}}],"line":48},"1":{"loc":{"start":{"line":66,"column":4},"end":{"line":74,"column":null}},"type":"binary-expr","locations":[{"start":{"line":66,"column":4},"end":{"line":66,"column":null}},{"start":{"line":67,"column":4},"end":{"line":67,"column":null}},{"start":{"line":68,"column":4},"end":{"line":68,"column":null}},{"start":{"line":69,"column":4},"end":{"line":69,"column":null}},{"start":{"line":70,"column":4},"end":{"line":70,"column":null}},{"start":{"line":71,"column":4},"end":{"line":71,"column":null}},{"start":{"line":72,"column":4},"end":{"line":72,"column":null}},{"start":{"line":73,"column":4},"end":{"line":73,"column":null}},{"start":{"line":74,"column":4},"end":{"line":74,"column":null}}],"line":66},"2":{"loc":{"start":{"line":82,"column":2},"end":{"line":85,"column":null}},"type":"default-arg","locations":[{"start":{"line":85,"column":6},"end":{"line":85,"column":null}}],"line":82},"3":{"loc":{"start":{"line":96,"column":10},"end":{"line":96,"column":33}},"type":"default-arg","locations":[{"start":{"line":96,"column":27},"end":{"line":96,"column":33}}],"line":96},"4":{"loc":{"start":{"line":96,"column":33},"end":{"line":96,"column":56}},"type":"default-arg","locations":[{"start":{"line":96,"column":51},"end":{"line":96,"column":56}}],"line":96},"5":{"loc":{"start":{"line":111,"column":4},"end":{"line":114,"column":null}},"type":"if","locations":[{"start":{"line":111,"column":4},"end":{"line":114,"column":null}},{"start":{},"end":{}}],"line":111},"6":{"loc":{"start":{"line":111,"column":8},"end":{"line":111,"column":37}},"type":"binary-expr","locations":[{"start":{"line":111,"column":8},"end":{"line":111,"column":21}},{"start":{"line":111,"column":21},"end":{"line":111,"column":37}}],"line":111},"7":{"loc":{"start":{"line":119,"column":12},"end":{"line":119,"column":null}},"type":"cond-expr","locations":[{"start":{"line":119,"column":43},"end":{"line":119,"column":73}},{"start":{"line":119,"column":73},"end":{"line":119,"column":null}}],"line":119},"8":{"loc":{"start":{"line":119,"column":12},"end":{"line":119,"column":43}},"type":"binary-expr","locations":[{"start":{"line":119,"column":12},"end":{"line":119,"column":31}},{"start":{"line":119,"column":31},"end":{"line":119,"column":43}}],"line":119},"9":{"loc":{"start":{"line":129,"column":4},"end":{"line":132,"column":null}},"type":"if","locations":[{"start":{"line":129,"column":4},"end":{"line":132,"column":null}},{"start":{},"end":{}}],"line":129},"10":{"loc":{"start":{"line":129,"column":8},"end":{"line":129,"column":37}},"type":"binary-expr","locations":[{"start":{"line":129,"column":8},"end":{"line":129,"column":21}},{"start":{"line":129,"column":21},"end":{"line":129,"column":37}}],"line":129},"11":{"loc":{"start":{"line":137,"column":12},"end":{"line":137,"column":null}},"type":"cond-expr","locations":[{"start":{"line":137,"column":43},"end":{"line":137,"column":70}},{"start":{"line":137,"column":70},"end":{"line":137,"column":null}}],"line":137},"12":{"loc":{"start":{"line":137,"column":12},"end":{"line":137,"column":43}},"type":"binary-expr","locations":[{"start":{"line":137,"column":12},"end":{"line":137,"column":31}},{"start":{"line":137,"column":31},"end":{"line":137,"column":43}}],"line":137}},"s":{"0":1,"1":7,"2":7,"3":2,"4":2,"5":2,"6":2,"7":2,"8":2,"9":2,"10":2,"11":2,"12":2,"13":3,"14":3,"15":3,"16":3,"17":3,"18":3,"19":3,"20":1,"21":1,"22":1,"23":1,"24":3,"25":0,"26":3,"27":15,"28":4,"29":4,"30":4,"31":4,"32":4,"33":4,"34":3,"35":4,"36":1,"37":1,"38":3,"39":4,"40":4,"41":4,"42":4,"43":2,"44":4,"45":1,"46":1,"47":3,"48":4,"49":4,"50":4,"51":2},"f":{"0":7,"1":2,"2":3,"3":3,"4":3,"5":0,"6":15,"7":4,"8":3,"9":2,"10":2},"b":{"0":[1,2],"1":[15,14,13,9,7,7,5,3,2],"2":[4],"3":[4],"4":[4],"5":[1,3],"6":[4,2],"7":[1,2],"8":[3,3],"9":[1,3],"10":[4,1],"11":[0,3],"12":[3,3]},"meta":{"lastBranch":13,"lastFunction":11,"lastStatement":52,"seen":{"s:3:27:3:Infinity":0,"f:5:16:5:Infinity":0,"s:11:14:11:Infinity":1,"s:13:2:22:Infinity":2,"f:25:16:25:41":1,"s:26:15:26:Infinity":3,"s:27:15:27:Infinity":4,"s:28:14:28:Infinity":5,"s:30:15:30:Infinity":6,"s:31:2:31:Infinity":7,"s:32:2:32:Infinity":8,"s:33:2:33:Infinity":9,"s:34:2:34:Infinity":10,"s:35:2:35:Infinity":11,"s:36:2:36:Infinity":12,"f:39:22:39:47":2,"s:40:2:61:Infinity":13,"f:40:21:40:22":3,"s:41:19:41:Infinity":14,"s:43:4:57:Infinity":15,"f:43:20:43:21":4,"s:44:6:56:Infinity":16,"s:45:21:45:Infinity":17,"s:46:27:46:Infinity":18,"b:48:8:51:Infinity:undefined:undefined:undefined:undefined":0,"s:48:8:51:Infinity":19,"s:49:10:49:Infinity":20,"s:50:10:50:Infinity":21,"s:53:8:53:Infinity":22,"s:55:8:55:Infinity":23,"s:59:4:59:Infinity":24,"f:59:21:59:27":5,"s:59:27:59:Infinity":25,"s:60:4:60:Infinity":26,"f:64:16:64:35":6,"s:65:2:74:Infinity":27,"b:66:4:66:Infinity:67:4:67:Infinity:68:4:68:Infinity:69:4:69:Infinity:70:4:70:Infinity:71:4:71:Infinity:72:4:72:Infinity:73:4:73:Infinity:74:4:74:Infinity":1,"f:78:16:78:Infinity":7,"b:85:6:85:Infinity":2,"s:96:60:96:Infinity":28,"b:96:27:96:33":3,"b:96:51:96:56":4,"s:98:16:103:Infinity":29,"s:105:21:105:Infinity":30,"s:106:18:106:Infinity":31,"s:108:2:124:Infinity":32,"s:109:22:109:Infinity":33,"f:109:43:109:48":8,"s:109:48:109:68":34,"b:111:4:114:Infinity:undefined:undefined:undefined:undefined":5,"s:111:4:114:Infinity":35,"b:111:8:111:21:111:21:111:37":6,"s:112:6:112:Infinity":36,"s:113:6:113:Infinity":37,"s:116:22:120:Infinity":38,"b:119:43:119:73:119:73:119:Infinity":7,"b:119:12:119:31:119:31:119:43":8,"s:122:4:122:Infinity":39,"s:123:4:123:Infinity":40,"s:126:2:142:Infinity":41,"s:127:22:127:Infinity":42,"f:127:40:127:45":9,"s:127:45:127:72":43,"b:129:4:132:Infinity:undefined:undefined:undefined:undefined":9,"s:129:4:132:Infinity":44,"b:129:8:129:21:129:21:129:37":10,"s:130:6:130:Infinity":45,"s:131:6:131:Infinity":46,"s:134:19:138:Infinity":47,"b:137:43:137:70:137:70:137:Infinity":11,"b:137:12:137:31:137:31:137:43":12,"s:140:4:140:Infinity":48,"s:141:4:141:Infinity":49,"s:144:2:148:Infinity":50,"f:151:9:151:26":10,"s:152:2:156:Infinity":51}}}
,"C:\\GitHub\\archaeological-disco\\src\\lib\\geo-utils.ts": {"path":"C:\\GitHub\\archaeological-disco\\src\\lib\\geo-utils.ts","statementMap":{"0":{"start":{"line":7,"column":12},"end":{"line":7,"column":null}},"1":{"start":{"line":8,"column":15},"end":{"line":8,"column":null}},"2":{"start":{"line":9,"column":15},"end":{"line":9,"column":null}},"3":{"start":{"line":10,"column":17},"end":{"line":10,"column":null}},"4":{"start":{"line":12,"column":15},"end":{"line":12,"column":null}},"5":{"start":{"line":14,"column":2},"end":{"line":14,"column":null}},"6":{"start":{"line":18,"column":2},"end":{"line":18,"column":null}},"7":{"start":{"line":22,"column":2},"end":{"line":24,"column":null}},"8":{"start":{"line":23,"column":4},"end":{"line":23,"column":null}},"9":{"start":{"line":25,"column":2},"end":{"line":25,"column":null}},"10":{"start":{"line":29,"column":17},"end":{"line":29,"column":null}},"11":{"start":{"line":30,"column":17},"end":{"line":30,"column":null}},"12":{"start":{"line":31,"column":2},"end":{"line":31,"column":null}}},"fnMap":{"0":{"name":"calculateAreaFromBounds","decl":{"start":{"line":1,"column":16},"end":{"line":1,"column":40}},"loc":{"start":{"line":6,"column":11},"end":{"line":15,"column":null}},"line":6},"1":{"name":"toRadians","decl":{"start":{"line":17,"column":16},"end":{"line":17,"column":26}},"loc":{"start":{"line":17,"column":51},"end":{"line":19,"column":null}},"line":17},"2":{"name":"formatArea","decl":{"start":{"line":21,"column":16},"end":{"line":21,"column":27}},"loc":{"start":{"line":21,"column":53},"end":{"line":26,"column":null}},"line":21},"3":{"name":"formatCoordinate","decl":{"start":{"line":28,"column":16},"end":{"line":28,"column":33}},"loc":{"start":{"line":28,"column":67},"end":{"line":32,"column":null}},"line":28}},"branchMap":{"0":{"loc":{"start":{"line":22,"column":2},"end":{"line":24,"column":null}},"type":"if","locations":[{"start":{"line":22,"column":2},"end":{"line":24,"column":null}},{"start":{},"end":{}}],"line":22},"1":{"loc":{"start":{"line":29,"column":17},"end":{"line":29,"column":null}},"type":"cond-expr","locations":[{"start":{"line":29,"column":28},"end":{"line":29,"column":34}},{"start":{"line":29,"column":34},"end":{"line":29,"column":null}}],"line":29},"2":{"loc":{"start":{"line":30,"column":17},"end":{"line":30,"column":null}},"type":"cond-expr","locations":[{"start":{"line":30,"column":28},"end":{"line":30,"column":34}},{"start":{"line":30,"column":34},"end":{"line":30,"column":null}}],"line":30}},"s":{"0":5,"1":5,"2":5,"3":5,"4":5,"5":5,"6":21,"7":27,"8":4,"9":23,"10":27,"11":27,"12":27},"f":{"0":5,"1":21,"2":27,"3":27},"b":{"0":[4,23],"1":[23,4],"2":[4,23]},"meta":{"lastBranch":3,"lastFunction":4,"lastStatement":13,"seen":{"f:1:16:1:40":0,"s:7:12:7:Infinity":0,"s:8:15:8:Infinity":1,"s:9:15:9:Infinity":2,"s:10:17:10:Infinity":3,"s:12:15:12:Infinity":4,"s:14:2:14:Infinity":5,"f:17:16:17:26":1,"s:18:2:18:Infinity":6,"f:21:16:21:27":2,"b:22:2:24:Infinity:undefined:undefined:undefined:undefined":0,"s:22:2:24:Infinity":7,"s:23:4:23:Infinity":8,"s:25:2:25:Infinity":9,"f:28:16:28:33":3,"s:29:17:29:Infinity":10,"b:29:28:29:34:29:34:29:Infinity":1,"s:30:17:30:Infinity":11,"b:30:28:30:34:30:34:30:Infinity":2,"s:31:2:31:Infinity":12}}}
,"C:\\GitHub\\archaeological-disco\\src\\lib\\utils.ts": {"path":"C:\\GitHub\\archaeological-disco\\src\\lib\\utils.ts","statementMap":{"0":{"start":{"line":5,"column":2},"end":{"line":5,"column":null}}},"fnMap":{"0":{"name":"cn","decl":{"start":{"line":4,"column":16},"end":{"line":4,"column":22}},"loc":{"start":{"line":4,"column":44},"end":{"line":6,"column":null}},"line":4}},"branchMap":{},"s":{"0":1000},"f":{"0":1000},"b":{},"meta":{"lastBranch":0,"lastFunction":1,"lastStatement":1,"seen":{"f:4:16:4:22":0,"s:5:2:5:Infinity":0}}}
}
